<?xml version="1.0" encoding="UTF-8"?>
<!-- Generated by org.testng.reporters.JUnitReportReporter -->
<testsuite hostname="sriharsha-PC" failures="0" tests="3" name="com.crm.qa.testcases.LoginPageTest" time="30.888" errors="0" timestamp="5 Jan 2020 13:14:09 GMT">
  <testcase classname="com.crm.qa.testcases.LoginPageTest" name="loginPageTitleTest" time="7.928"/>
  <testcase classname="com.crm.qa.testcases.LoginPageTest" name="crmLogoVerify" time="7.574"/>
  <testcase classname="com.crm.qa.testcases.LoginPageTest" name="loginTest" time="15.386"/>
</testsuite> <!-- com.crm.qa.testcases.LoginPageTest -->
